2017-09-08 10:25:21 Debug: sssss
2017-09-08 10:25:21 Debug: Array
(
    [wirte_down] => Array
        (
            [quotation_id] => 4
            [write_name] => ｄｄｄ
            [write_text] => ｖｖｖｖｖ
            [up_flag] => 1
        )

)

2017-09-08 10:41:16 Debug: Array
(
    [wirte_down] => Array
        (
            [quotation_id] => 4
            [write_name] => 匿名
            [write_text] => ｓｓｘｘｚ
            [up_flag] => 1
        )

)

2017-09-08 10:46:04 Debug: Array
(
    [wirte_down] => Array
        (
            [quotation_id] => 4
            [write_name] => もおｍ
            [write_text] => あｓｆｓっだｆだｓｆああｆｓだふぁｄｓｆだｓｓだｆだｓふぁｄｓｆ

ｓだｆだｓふぁｄｓ

ｄさふぁｓｄｆｄさｆｆｓだふぁｓｆ
だｓふぁｄｓｆｓだｆｄｓｔｇｆｇｂｆｂ
            [up_flag] => 1
        )

)

2017-09-08 10:54:55 Debug: Array
(
    [wirte_down] => Array
        (
            [quotation_id] => 16
            [write_name] => dfdf
            [write_text] => かかかかｆでｒｄｆｄふぇれ
            [up_flag] => 1
        )

)

2017-09-13 04:56:43 Debug: Array
(
    [wirte_down] => Array
        (
            [quotation_id] => 14
            [write_name] => ｓｄｓｄ
            [write_text] => ｆｆｆｆ
            [up_flag] => 1
        )

)

2017-09-13 05:01:16 Debug: plus
2017-09-13 05:01:17 Debug: minus
2017-09-13 05:01:18 Debug: plus
2017-09-13 05:01:21 Debug: plus
